mode: set
github.com/Ulbora/cocka2notesApi/notesApi.go:49.33,58.2 6 1
github.com/Ulbora/cocka2notesApi/notesApi.go:61.44,63.2 1 1
github.com/Ulbora/cocka2notesApi/notesApi.go:65.106,66.20 1 1
github.com/Ulbora/cocka2notesApi/notesApi.go:69.2,71.37 3 1
github.com/Ulbora/cocka2notesApi/notesApi.go:77.2,78.16 2 1
github.com/Ulbora/cocka2notesApi/notesApi.go:84.2,84.12 1 1
github.com/Ulbora/cocka2notesApi/notesApi.go:66.20,68.3 1 1
github.com/Ulbora/cocka2notesApi/notesApi.go:71.37,74.3 2 1
github.com/Ulbora/cocka2notesApi/notesApi.go:74.8,76.3 1 1
github.com/Ulbora/cocka2notesApi/notesApi.go:78.16,79.37 1 1
github.com/Ulbora/cocka2notesApi/notesApi.go:79.37,82.4 2 1
github.com/Ulbora/cocka2notesApi/notesApi.go:88.43,90.2 1 1
github.com/Ulbora/cocka2notesApi/notesApi.go:93.43,95.2 1 1
github.com/Ulbora/cocka2notesApi/notesApi.go:98.42,100.2 1 1
github.com/Ulbora/cocka2notesApi/notesApi.go:103.45,105.2 1 1
github.com/Ulbora/cocka2notesApi/notesApi.go:108.50,110.2 1 1
github.com/Ulbora/cocka2notesApi/user.go:30.47,35.16 5 1
github.com/Ulbora/cocka2notesApi/user.go:44.2,45.13 2 1
github.com/Ulbora/cocka2notesApi/user.go:35.16,40.15 5 1
github.com/Ulbora/cocka2notesApi/user.go:40.15,42.4 1 1
github.com/Ulbora/cocka2notesApi/user.go:49.50,54.16 5 1
github.com/Ulbora/cocka2notesApi/user.go:63.2,64.13 2 1
github.com/Ulbora/cocka2notesApi/user.go:54.16,59.15 5 1
github.com/Ulbora/cocka2notesApi/user.go:59.15,61.4 1 1
github.com/Ulbora/cocka2notesApi/user.go:68.58,73.16 5 1
github.com/Ulbora/cocka2notesApi/user.go:82.2,83.13 2 1
github.com/Ulbora/cocka2notesApi/user.go:73.16,78.15 5 1
github.com/Ulbora/cocka2notesApi/user.go:78.15,80.4 1 1
github.com/Ulbora/cocka2notesApi/user.go:87.79,100.2 9 1
github.com/Ulbora/cocka2notesApi/user.go:103.48,115.2 8 1
github.com/Ulbora/cocka2notesApi/user.go:118.50,123.16 5 1
github.com/Ulbora/cocka2notesApi/user.go:129.2,131.13 2 1
github.com/Ulbora/cocka2notesApi/user.go:123.16,128.3 4 1
github.com/Ulbora/cocka2notesApi/user.go:135.53,140.16 5 1
github.com/Ulbora/cocka2notesApi/user.go:149.2,150.13 2 1
github.com/Ulbora/cocka2notesApi/user.go:140.16,145.15 5 1
github.com/Ulbora/cocka2notesApi/user.go:145.15,147.4 1 1
github.com/Ulbora/cocka2notesApi/api.go:66.49,69.22 3 1
github.com/Ulbora/cocka2notesApi/api.go:72.2,72.24 1 1
github.com/Ulbora/cocka2notesApi/api.go:69.22,71.3 1 1
github.com/Ulbora/cocka2notesApi/checkboxItem.go:32.70,37.16 5 1
github.com/Ulbora/cocka2notesApi/checkboxItem.go:50.2,51.13 2 1
github.com/Ulbora/cocka2notesApi/checkboxItem.go:37.16,42.11 5 1
github.com/Ulbora/cocka2notesApi/checkboxItem.go:45.3,45.26 1 1
github.com/Ulbora/cocka2notesApi/checkboxItem.go:42.11,44.4 1 1
github.com/Ulbora/cocka2notesApi/checkboxItem.go:45.26,48.4 2 1
github.com/Ulbora/cocka2notesApi/checkboxItem.go:55.71,60.16 5 1
github.com/Ulbora/cocka2notesApi/checkboxItem.go:73.2,74.13 2 1
github.com/Ulbora/cocka2notesApi/checkboxItem.go:60.16,65.11 5 1
github.com/Ulbora/cocka2notesApi/checkboxItem.go:68.3,68.26 1 1
github.com/Ulbora/cocka2notesApi/checkboxItem.go:65.11,67.4 1 1
github.com/Ulbora/cocka2notesApi/checkboxItem.go:68.26,71.4 2 1
github.com/Ulbora/cocka2notesApi/checkboxItem.go:78.59,89.2 9 1
github.com/Ulbora/cocka2notesApi/checkboxItem.go:91.64,93.17 1 1
github.com/Ulbora/cocka2notesApi/checkboxItem.go:93.17,94.41 1 1
github.com/Ulbora/cocka2notesApi/checkboxItem.go:94.41,95.27 1 1
github.com/Ulbora/cocka2notesApi/checkboxItem.go:108.4,108.9 1 1
github.com/Ulbora/cocka2notesApi/checkboxItem.go:95.27,97.33 2 1
github.com/Ulbora/cocka2notesApi/checkboxItem.go:97.33,99.38 2 1
github.com/Ulbora/cocka2notesApi/checkboxItem.go:99.38,104.12 5 1
github.com/Ulbora/cocka2notesApi/checkboxItem.go:110.8,110.28 1 1
github.com/Ulbora/cocka2notesApi/checkboxItem.go:110.28,115.41 4 1
github.com/Ulbora/cocka2notesApi/checkboxItem.go:115.41,116.27 1 1
github.com/Ulbora/cocka2notesApi/checkboxItem.go:116.27,119.10 3 1
github.com/Ulbora/cocka2notesApi/checkboxItem.go:126.72,128.2 1 1
github.com/Ulbora/cocka2notesApi/checkboxItem.go:131.75,133.2 1 1
github.com/Ulbora/cocka2notesApi/note.go:30.49,35.16 5 1
github.com/Ulbora/cocka2notesApi/note.go:44.2,45.13 2 1
github.com/Ulbora/cocka2notesApi/note.go:35.16,40.15 5 1
github.com/Ulbora/cocka2notesApi/note.go:40.15,42.4 1 1
github.com/Ulbora/cocka2notesApi/note.go:49.50,54.16 5 1
github.com/Ulbora/cocka2notesApi/note.go:63.2,64.13 2 1
github.com/Ulbora/cocka2notesApi/note.go:54.16,59.14 5 1
github.com/Ulbora/cocka2notesApi/note.go:59.14,61.4 1 1
github.com/Ulbora/cocka2notesApi/note.go:68.60,78.24 8 1
github.com/Ulbora/cocka2notesApi/note.go:88.2,91.12 3 1
github.com/Ulbora/cocka2notesApi/note.go:78.24,81.3 2 1
github.com/Ulbora/cocka2notesApi/note.go:81.8,83.17 2 1
github.com/Ulbora/cocka2notesApi/note.go:83.17,85.4 1 1
github.com/Ulbora/cocka2notesApi/note.go:95.44,103.24 8 1
github.com/Ulbora/cocka2notesApi/note.go:112.2,115.12 3 1
github.com/Ulbora/cocka2notesApi/note.go:103.24,106.3 2 1
github.com/Ulbora/cocka2notesApi/note.go:106.8,108.17 2 1
github.com/Ulbora/cocka2notesApi/note.go:108.17,110.4 1 1
github.com/Ulbora/cocka2notesApi/note.go:119.56,126.24 6 1
github.com/Ulbora/cocka2notesApi/note.go:132.2,135.13 3 1
github.com/Ulbora/cocka2notesApi/note.go:126.24,128.3 1 1
github.com/Ulbora/cocka2notesApi/note.go:128.8,130.3 1 1
github.com/Ulbora/cocka2notesApi/note.go:139.70,150.2 9 1
github.com/Ulbora/cocka2notesApi/note.go:152.59,154.41 2 1
github.com/Ulbora/cocka2notesApi/note.go:164.2,164.12 1 1
github.com/Ulbora/cocka2notesApi/note.go:154.41,155.22 1 1
github.com/Ulbora/cocka2notesApi/note.go:155.22,161.9 6 1
github.com/Ulbora/cocka2notesApi/note.go:164.12,167.3 2 1
github.com/Ulbora/cocka2notesApi/note.go:170.65,172.40 2 1
github.com/Ulbora/cocka2notesApi/note.go:179.2,179.12 1 1
github.com/Ulbora/cocka2notesApi/note.go:172.40,173.18 1 1
github.com/Ulbora/cocka2notesApi/note.go:173.18,176.9 3 1
github.com/Ulbora/cocka2notesApi/note.go:182.47,184.37 2 1
github.com/Ulbora/cocka2notesApi/note.go:194.2,194.12 1 1
github.com/Ulbora/cocka2notesApi/note.go:184.37,185.22 1 1
github.com/Ulbora/cocka2notesApi/note.go:185.22,191.9 6 1
github.com/Ulbora/cocka2notesApi/note.go:194.12,197.3 2 1
github.com/Ulbora/cocka2notesApi/note.go:200.53,202.36 2 1
github.com/Ulbora/cocka2notesApi/note.go:209.2,209.12 1 1
github.com/Ulbora/cocka2notesApi/note.go:202.36,203.18 1 1
github.com/Ulbora/cocka2notesApi/note.go:203.18,206.9 3 1
github.com/Ulbora/cocka2notesApi/noteItem.go:32.58,37.16 5 1
github.com/Ulbora/cocka2notesApi/noteItem.go:50.2,51.13 2 1
github.com/Ulbora/cocka2notesApi/noteItem.go:37.16,42.11 5 1
github.com/Ulbora/cocka2notesApi/noteItem.go:45.3,45.26 1 1
github.com/Ulbora/cocka2notesApi/noteItem.go:42.11,44.4 1 1
github.com/Ulbora/cocka2notesApi/noteItem.go:45.26,48.4 2 1
github.com/Ulbora/cocka2notesApi/noteItem.go:55.59,60.16 5 1
github.com/Ulbora/cocka2notesApi/noteItem.go:73.2,74.13 2 1
github.com/Ulbora/cocka2notesApi/noteItem.go:60.16,65.11 5 1
github.com/Ulbora/cocka2notesApi/noteItem.go:68.3,68.26 1 1
github.com/Ulbora/cocka2notesApi/noteItem.go:65.11,67.4 1 1
github.com/Ulbora/cocka2notesApi/noteItem.go:68.26,71.4 2 1
github.com/Ulbora/cocka2notesApi/noteItem.go:78.55,89.2 9 1
github.com/Ulbora/cocka2notesApi/noteItem.go:91.52,93.17 1 1
github.com/Ulbora/cocka2notesApi/noteItem.go:93.17,94.37 1 1
github.com/Ulbora/cocka2notesApi/noteItem.go:94.37,95.27 1 1
github.com/Ulbora/cocka2notesApi/noteItem.go:107.4,107.9 1 1
github.com/Ulbora/cocka2notesApi/noteItem.go:95.27,97.33 2 1
github.com/Ulbora/cocka2notesApi/noteItem.go:97.33,99.38 2 1
github.com/Ulbora/cocka2notesApi/noteItem.go:99.38,103.12 4 1
github.com/Ulbora/cocka2notesApi/noteItem.go:109.8,109.28 1 1
github.com/Ulbora/cocka2notesApi/noteItem.go:109.28,114.37 4 1
github.com/Ulbora/cocka2notesApi/noteItem.go:114.37,115.27 1 1
github.com/Ulbora/cocka2notesApi/noteItem.go:115.27,118.10 3 1
github.com/Ulbora/cocka2notesApi/noteItem.go:125.56,127.2 1 1
github.com/Ulbora/cocka2notesApi/noteItem.go:130.59,132.2 1 1
