mode: set
github.com/Ulbora/cocka2notesApi/api.go:66.49,69.22 3 1
github.com/Ulbora/cocka2notesApi/api.go:72.2,72.24 1 1
github.com/Ulbora/cocka2notesApi/api.go:69.22,71.3 1 1
github.com/Ulbora/cocka2notesApi/checkboxItem.go:30.70,35.16 5 1
github.com/Ulbora/cocka2notesApi/checkboxItem.go:44.2,45.13 2 1
github.com/Ulbora/cocka2notesApi/checkboxItem.go:35.16,40.11 5 1
github.com/Ulbora/cocka2notesApi/checkboxItem.go:40.11,42.4 1 1
github.com/Ulbora/cocka2notesApi/checkboxItem.go:49.71,54.16 5 1
github.com/Ulbora/cocka2notesApi/checkboxItem.go:63.2,64.13 2 1
github.com/Ulbora/cocka2notesApi/checkboxItem.go:54.16,59.11 5 1
github.com/Ulbora/cocka2notesApi/checkboxItem.go:59.11,61.4 1 1
github.com/Ulbora/cocka2notesApi/checkboxItem.go:68.59,79.2 9 1
github.com/Ulbora/cocka2notesApi/note.go:30.49,35.16 5 1
github.com/Ulbora/cocka2notesApi/note.go:44.2,45.13 2 1
github.com/Ulbora/cocka2notesApi/note.go:35.16,40.15 5 1
github.com/Ulbora/cocka2notesApi/note.go:40.15,42.4 1 1
github.com/Ulbora/cocka2notesApi/note.go:49.50,54.16 5 1
github.com/Ulbora/cocka2notesApi/note.go:63.2,64.13 2 1
github.com/Ulbora/cocka2notesApi/note.go:54.16,59.14 5 1
github.com/Ulbora/cocka2notesApi/note.go:59.14,61.4 1 1
github.com/Ulbora/cocka2notesApi/note.go:68.60,81.2 9 1
github.com/Ulbora/cocka2notesApi/note.go:84.44,97.2 9 1
github.com/Ulbora/cocka2notesApi/note.go:100.64,108.24 7 1
github.com/Ulbora/cocka2notesApi/note.go:112.2,115.18 3 1
github.com/Ulbora/cocka2notesApi/note.go:108.24,110.3 1 1
github.com/Ulbora/cocka2notesApi/note.go:119.70,130.2 9 1
github.com/Ulbora/cocka2notesApi/noteItem.go:30.58,35.16 5 1
github.com/Ulbora/cocka2notesApi/noteItem.go:44.2,45.13 2 1
github.com/Ulbora/cocka2notesApi/noteItem.go:35.16,40.11 5 1
github.com/Ulbora/cocka2notesApi/noteItem.go:40.11,42.4 1 1
github.com/Ulbora/cocka2notesApi/noteItem.go:49.59,54.16 5 1
github.com/Ulbora/cocka2notesApi/noteItem.go:63.2,64.13 2 1
github.com/Ulbora/cocka2notesApi/noteItem.go:54.16,59.11 5 1
github.com/Ulbora/cocka2notesApi/noteItem.go:59.11,61.4 1 1
github.com/Ulbora/cocka2notesApi/noteItem.go:68.55,79.2 9 1
github.com/Ulbora/cocka2notesApi/notesApi.go:42.33,51.2 6 1
github.com/Ulbora/cocka2notesApi/notesApi.go:54.44,56.2 1 1
github.com/Ulbora/cocka2notesApi/notesApi.go:58.106,59.20 1 1
github.com/Ulbora/cocka2notesApi/notesApi.go:62.2,64.37 3 1
github.com/Ulbora/cocka2notesApi/notesApi.go:70.2,71.16 2 1
github.com/Ulbora/cocka2notesApi/notesApi.go:77.2,77.12 1 1
github.com/Ulbora/cocka2notesApi/notesApi.go:59.20,61.3 1 1
github.com/Ulbora/cocka2notesApi/notesApi.go:64.37,67.3 2 1
github.com/Ulbora/cocka2notesApi/notesApi.go:67.8,69.3 1 1
github.com/Ulbora/cocka2notesApi/notesApi.go:71.16,72.37 1 1
github.com/Ulbora/cocka2notesApi/notesApi.go:72.37,75.4 2 1
github.com/Ulbora/cocka2notesApi/notesApi.go:81.43,83.2 1 1
github.com/Ulbora/cocka2notesApi/notesApi.go:86.43,88.2 1 1
github.com/Ulbora/cocka2notesApi/notesApi.go:91.42,93.2 1 1
github.com/Ulbora/cocka2notesApi/notesApi.go:96.45,98.2 1 1
github.com/Ulbora/cocka2notesApi/notesApi.go:101.50,103.2 1 1
github.com/Ulbora/cocka2notesApi/user.go:30.47,35.16 5 1
github.com/Ulbora/cocka2notesApi/user.go:44.2,45.13 2 1
github.com/Ulbora/cocka2notesApi/user.go:35.16,40.15 5 1
github.com/Ulbora/cocka2notesApi/user.go:40.15,42.4 1 1
github.com/Ulbora/cocka2notesApi/user.go:49.50,54.16 5 1
github.com/Ulbora/cocka2notesApi/user.go:63.2,64.13 2 1
github.com/Ulbora/cocka2notesApi/user.go:54.16,59.15 5 1
github.com/Ulbora/cocka2notesApi/user.go:59.15,61.4 1 1
github.com/Ulbora/cocka2notesApi/user.go:68.58,73.16 5 1
github.com/Ulbora/cocka2notesApi/user.go:82.2,83.13 2 1
github.com/Ulbora/cocka2notesApi/user.go:73.16,78.15 5 1
github.com/Ulbora/cocka2notesApi/user.go:78.15,80.4 1 1
github.com/Ulbora/cocka2notesApi/user.go:87.79,100.2 9 1
github.com/Ulbora/cocka2notesApi/user.go:103.48,115.2 8 1
github.com/Ulbora/cocka2notesApi/user.go:118.50,123.16 5 1
github.com/Ulbora/cocka2notesApi/user.go:129.2,131.13 2 1
github.com/Ulbora/cocka2notesApi/user.go:123.16,128.3 4 1
github.com/Ulbora/cocka2notesApi/user.go:135.53,140.16 5 1
github.com/Ulbora/cocka2notesApi/user.go:149.2,150.13 2 1
github.com/Ulbora/cocka2notesApi/user.go:140.16,145.15 5 1
github.com/Ulbora/cocka2notesApi/user.go:145.15,147.4 1 1
